Starting script for amines 1.json...
Target file: backend\data\quizzes\amines 1.json
Reading file...
Read 39957 characters.
Removing comments...
Merging arrays...
Fixing malformed brackets...
Fixing trailing junk...
Removing artifacts...
Fixing backslashes...
Parsing JSON...
JSON Parse Failed: Bad control character in string literal in JSON at position 25744 (line 800 column 23)
Starting script for amines 1.json...
Target file: backend\data\quizzes\amines 1.json
Reading file...
Read 39957 characters.
Removing comments...
Removing newlines...
Merging arrays...
Fixing malformed brackets...
Fixing trailing junk...
Removing artifacts...
Fixing backslashes...
Parsing JSON...
Success! Parsed 95 items.
Re-indexing...
Saving file...
Done.
