Found 158 JSON quiz files.
Processing: Alcohols Phenols and Ethers.json
Generated PDF: C:\Users\asus\neet-rank-predictor\backend\data\quizzes\Alcohols Phenols and Ethers.pdf
Processing: Alcohols, Phenols and Ethers 1.json
Generated PDF: C:\Users\asus\neet-rank-predictor\backend\data\quizzes\Alcohols, Phenols and Ethers 1.pdf
Processing: Aldehydes,_Ketones_and_Carboxylic_Acids_20_Years_Specialized_Pyq.json
Error reading/parsing Aldehydes,_Ketones_and_Carboxylic_Acids_20_Years_Specialized_Pyq.json: Unexpected end of JSON input
Processing: Aldehydes_Ketones_CarboxylicAcids_1.json
Generated PDF: C:\Users\asus\neet-rank-predictor\backend\data\quizzes\Aldehydes_Ketones_CarboxylicAcids_1.pdf
Processing: alternating current.json
Error reading/parsing alternating current.json: Unexpected end of JSON input
Processing: amines 1.json
Generated PDF: C:\Users\asus\neet-rank-predictor\backend\data\quizzes\amines 1.pdf
Processing: AMINES.json
Generated PDF: C:\Users\asus\neet-rank-predictor\backend\data\quizzes\AMINES.pdf
Processing: ARINES 1.json
Generated PDF: C:\Users\asus\neet-rank-predictor\backend\data\quizzes\ARINES 1.pdf
Processing: Atomic Structure 1.json
Generated PDF: C:\Users\asus\neet-rank-predictor\backend\data\quizzes\Atomic Structure 1.pdf
Processing: ATOMIC STRUCTURE.json
Error reading/parsing ATOMIC STRUCTURE.json: Unexpected end of JSON input
Processing: atoms.json
Error reading/parsing atoms.json: Unexpected end of JSON input
Processing: Botany set 1.json
Found 158 JSON quiz files.
Processing: Alcohols Phenols and Ethers.json
Generated PDF: C:\Users\asus\neet-rank-predictor\backend\data\quizzes\Alcohols Phenols and Ethers.pdf
Processing: Alcohols, Phenols and Ethers 1.json
Generated PDF: C:\Users\asus\neet-rank-predictor\backend\data\quizzes\Alcohols, Phenols and Ethers 1.pdf
Processing: Aldehydes,_Ketones_and_Carboxylic_Acids_20_Years_Specialized_Pyq.json
Error reading/parsing Aldehydes,_Ketones_and_Carboxylic_Acids_20_Years_Specialized_Pyq.json: Unexpected end of JSON input
Processing: Aldehydes_Ketones_CarboxylicAcids_1.json
Generated PDF: C:\Users\asus\neet-rank-predictor\backend\data\quizzes\Aldehydes_Ketones_CarboxylicAcids_1.pdf
Processing: alternating current.json
Error reading/parsing alternating current.json: Unexpected end of JSON input
Processing: amines 1.json
Generated PDF: C:\Users\asus\neet-rank-predictor\backend\data\quizzes\amines 1.pdf
Processing: AMINES.json
Generated PDF: C:\Users\asus\neet-rank-predictor\backend\data\quizzes\AMINES.pdf
Processing: ARINES 1.json
Generated PDF: C:\Users\asus\neet-rank-predictor\backend\data\quizzes\ARINES 1.pdf
Processing: Atomic Structure 1.json
Generated PDF: C:\Users\asus\neet-rank-predictor\backend\data\quizzes\Atomic Structure 1.pdf
Processing: ATOMIC STRUCTURE.json
Error reading/parsing ATOMIC STRUCTURE.json: Unexpected end of JSON input
Processing: atoms.json
Error reading/parsing atoms.json: Unexpected end of JSON input
Processing: Botany set 1.json
Error generating PDF for Botany set 1.json: WinAnsi cannot encode "Ψ" (0x03a8)
Processing: Botany set 10.json
Generated PDF: C:\Users\asus\neet-rank-predictor\backend\data\quizzes\Botany set 10.pdf
Processing: Botany set 11.json
Generated PDF: C:\Users\asus\neet-rank-predictor\backend\data\quizzes\Botany set 11.pdf
Processing: Botany set 12.json
Generated PDF: C:\Users\asus\neet-rank-predictor\backend\data\quizzes\Botany set 12.pdf
Processing: Botany set 13.json
Generated PDF: C:\Users\asus\neet-rank-predictor\backend\data\quizzes\Botany set 13.pdf
Processing: Botany set 14.json
Generated PDF: C:\Users\asus\neet-rank-predictor\backend\data\quizzes\Botany set 14.pdf
Processing: Botany set 15.json
Generated PDF: C:\Users\asus\neet-rank-predictor\backend\data\quizzes\Botany set 15.pdf
Processing: Botany set 16.json
Generated PDF: C:\Users\asus\neet-rank-predictor\backend\data\quizzes\Botany set 16.pdf
Processing: Botany set 17.json
Generated PDF: C:\Users\asus\neet-rank-predictor\backend\data\quizzes\Botany set 17.pdf
Processing: Botany set 18.json
Generated PDF: C:\Users\asus\neet-rank-predictor\backend\data\quizzes\Botany set 18.pdf
Processing: Botany set 19.json
Generated PDF: C:\Users\asus\neet-rank-predictor\backend\data\quizzes\Botany set 19.pdf
Processing: Botany set 2.json
Generated PDF: C:\Users\asus\neet-rank-predictor\backend\data\quizzes\Botany set 2.pdf
Processing: Botany set 20.json
Generated PDF: C:\Users\asus\neet-rank-predictor\backend\data\quizzes\Botany set 20.pdf
Processing: Botany set 21.json
Generated PDF: C:\Users\asus\neet-rank-predictor\backend\data\quizzes\Botany set 21.pdf
Processing: Botany set 22.json
Generated PDF: C:\Users\asus\neet-rank-predictor\backend\data\quizzes\Botany set 22.pdf
Processing: Botany set 23.json
Generated PDF: C:\Users\asus\neet-rank-predictor\backend\data\quizzes\Botany set 23.pdf
Processing: Botany set 24.json
Generated PDF: C:\Users\asus\neet-rank-predictor\backend\data\quizzes\Botany set 24.pdf
Processing: Botany set 25.json
Generated PDF: C:\Users\asus\neet-rank-predictor\backend\data\quizzes\Botany set 25.pdf
Processing: Botany set 26.json
Generated PDF: C:\Users\asus\neet-rank-predictor\backend\data\quizzes\Botany set 26.pdf
Processing: Botany set 27.json
Generated PDF: C:\Users\asus\neet-rank-predictor\backend\data\quizzes\Botany set 27.pdf
Processing: Botany set 28.json
Generated PDF: C:\Users\asus\neet-rank-predictor\backend\data\quizzes\Botany set 28.pdf
Processing: Botany set 29.json
Generated PDF: C:\Users\asus\neet-rank-predictor\backend\data\quizzes\Botany set 29.pdf
Processing: Botany set 3.json
Generated PDF: C:\Users\asus\neet-rank-predictor\backend\data\quizzes\Botany set 3.pdf
Processing: Botany set 30.json
Generated PDF: C:\Users\asus\neet-rank-predictor\backend\data\quizzes\Botany set 30.pdf
Processing: Botany set 4.json
Generated PDF: C:\Users\asus\neet-rank-predictor\backend\data\quizzes\Botany set 4.pdf
Processing: Botany set 5.json
Generated PDF: C:\Users\asus\neet-rank-predictor\backend\data\quizzes\Botany set 5.pdf
Processing: Botany set 6.json
Generated PDF: C:\Users\asus\neet-rank-predictor\backend\data\quizzes\Botany set 6.pdf
Processing: Botany set 7.json
Generated PDF: C:\Users\asus\neet-rank-predictor\backend\data\quizzes\Botany set 7.pdf
Processing: Botany set 8.json
Generated PDF: C:\Users\asus\neet-rank-predictor\backend\data\quizzes\Botany set 8.pdf
Processing: Botany set 9.json
Generated PDF: C:\Users\asus\neet-rank-predictor\backend\data\quizzes\Botany set 9.pdf
Processing: Chemical Bonding 1.json
Generated PDF: C:\Users\asus\neet-rank-predictor\backend\data\quizzes\Chemical Bonding 1.pdf
Processing: CHEMICAL BONDING.json
Error reading/parsing CHEMICAL BONDING.json: Unexpected end of JSON input
Processing: Chemical Kinetics 1.json
Error generating PDF for Chemical Kinetics 1.json: WinAnsi cannot encode "⁄" (0x2044)
Processing: Chemistry set 1.json
Generated PDF: C:\Users\asus\neet-rank-predictor\backend\data\quizzes\Chemistry set 1.pdf
Processing: Chemistry set 10.json
Generated PDF: C:\Users\asus\neet-rank-predictor\backend\data\quizzes\Chemistry set 10.pdf
Processing: Chemistry set 11.json
Generated PDF: C:\Users\asus\neet-rank-predictor\backend\data\quizzes\Chemistry set 11.pdf
Processing: Chemistry set 12.json
Generated PDF: C:\Users\asus\neet-rank-predictor\backend\data\quizzes\Chemistry set 12.pdf
Processing: Chemistry set 13.json
Generated PDF: C:\Users\asus\neet-rank-predictor\backend\data\quizzes\Chemistry set 13.pdf
Processing: Chemistry set 14.json
Generated PDF: C:\Users\asus\neet-rank-predictor\backend\data\quizzes\Chemistry set 14.pdf
Processing: Chemistry set 15.json
Generated PDF: C:\Users\asus\neet-rank-predictor\backend\data\quizzes\Chemistry set 15.pdf
Processing: Chemistry set 16.json
Generated PDF: C:\Users\asus\neet-rank-predictor\backend\data\quizzes\Chemistry set 16.pdf
Processing: Chemistry set 17.json
Generated PDF: C:\Users\asus\neet-rank-predictor\backend\data\quizzes\Chemistry set 17.pdf
Processing: Chemistry set 18.json
Generated PDF: C:\Users\asus\neet-rank-predictor\backend\data\quizzes\Chemistry set 18.pdf
Processing: Chemistry set 19.json
Generated PDF: C:\Users\asus\neet-rank-predictor\backend\data\quizzes\Chemistry set 19.pdf
Processing: Chemistry set 2.json
Generated PDF: C:\Users\asus\neet-rank-predictor\backend\data\quizzes\Chemistry set 2.pdf
Processing: Chemistry set 20.json
Generated PDF: C:\Users\asus\neet-rank-predictor\backend\data\quizzes\Chemistry set 20.pdf
Processing: Chemistry set 3.json
Generated PDF: C:\Users\asus\neet-rank-predictor\backend\data\quizzes\Chemistry set 3.pdf
Processing: Chemistry set 4.json
Generated PDF: C:\Users\asus\neet-rank-predictor\backend\data\quizzes\Chemistry set 4.pdf
Processing: Chemistry set 5.json
Generated PDF: C:\Users\asus\neet-rank-predictor\backend\data\quizzes\Chemistry set 5.pdf
Processing: Chemistry set 6.json
Generated PDF: C:\Users\asus\neet-rank-predictor\backend\data\quizzes\Chemistry set 6.pdf
Processing: Chemistry set 7.json
Generated PDF: C:\Users\asus\neet-rank-predictor\backend\data\quizzes\Chemistry set 7.pdf
Processing: Chemistry set 8.json
Generated PDF: C:\Users\asus\neet-rank-predictor\backend\data\quizzes\Chemistry set 8.pdf
Processing: Chemistry set 9.json
Generated PDF: C:\Users\asus\neet-rank-predictor\backend\data\quizzes\Chemistry set 9.pdf
Processing: Classification of Elements & Periodicity 1.json
Generated PDF: C:\Users\asus\neet-rank-predictor\backend\data\quizzes\Classification of Elements & Periodicity 1.pdf
Processing: Classification_of_Elements_&_Periodicity_in_Properties_20_Years.json
Error reading/parsing Classification_of_Elements_&_Periodicity_in_Properties_20_Years.json: Unexpected end of JSON input
Processing: Coordination Compounds 1.json
Generated PDF: C:\Users\asus\neet-rank-predictor\backend\data\quizzes\Coordination Compounds 1.pdf
Processing: COORDINATION COMPOUNDS.json
Error reading/parsing COORDINATION COMPOUNDS.json: Unexpected end of JSON input
Processing: current electricity.json
Error reading/parsing current electricity.json: Unexpected end of JSON input
Processing: d and f block 1.json
Generated PDF: C:\Users\asus\neet-rank-predictor\backend\data\quizzes\d and f block 1.pdf
Processing: D AND F BLOCK ELEMENTS.json
Error reading/parsing D AND F BLOCK ELEMENTS.json: Unexpected end of JSON input
Processing: dual nature.json
Error reading/parsing dual nature.json: Unexpected end of JSON input
Processing: electric charges and fields.json
Error reading/parsing electric charges and fields.json: Unexpected end of JSON input
Processing: Electrochemistry 1.json
Error generating PDF for Electrochemistry 1.json: WinAnsi cannot encode "Λ" (0x039b)
Processing: electromagnetic induction.json
Error reading/parsing electromagnetic induction.json: Unexpected end of JSON input
Processing: electrostatic and capacitance.json
Error reading/parsing electrostatic and capacitance.json: Unexpected end of JSON input
Processing: EM waves.json
Error reading/parsing EM waves.json: Unexpected end of JSON input
Processing: Equilibrium 1.json
Generated PDF: C:\Users\asus\neet-rank-predictor\backend\data\quizzes\Equilibrium 1.pdf
Processing: EQUILIBRIUM.json
Error reading/parsing EQUILIBRIUM.json: Unexpected end of JSON input
Processing: gravitation.json
Error reading/parsing gravitation.json: Unexpected end of JSON input
Processing: HALOALKANE AND HALOARENES 1.json
Generated PDF: C:\Users\asus\neet-rank-predictor\backend\data\quizzes\HALOALKANE AND HALOARENES 1.pdf
Processing: HALOALKANE AND HALOARENES.json
Error reading/parsing HALOALKANE AND HALOARENES.json: Unexpected end of JSON input
Processing: Hydrocarbon 1.json
Generated PDF: C:\Users\asus\neet-rank-predictor\backend\data\quizzes\Hydrocarbon 1.pdf
Processing: HydroCarbon.json
Error reading/parsing HydroCarbon.json: Unexpected end of JSON input
Processing: Ionic Equilibrium 1.json
Generated PDF: C:\Users\asus\neet-rank-predictor\backend\data\quizzes\Ionic Equilibrium 1.pdf
Processing: kinetic theory of gases.json
Error reading/parsing kinetic theory of gases.json: Unexpected end of JSON input
Processing: laws of motion.json
Error reading/parsing laws of motion.json: Unexpected end of JSON input
Processing: magnetism and matter.json
Error reading/parsing magnetism and matter.json: Unexpected end of JSON input
Processing: mechanical properties of fluid.json
Error reading/parsing mechanical properties of fluid.json: Unexpected end of JSON input
Processing: mechanical properties of solid.json
Error reading/parsing mechanical properties of solid.json: Unexpected end of JSON input
Processing: motion in a plane.json
Error reading/parsing motion in a plane.json: Unexpected end of JSON input
Processing: motion in a straight line.json
Error reading/parsing motion in a straight line.json: Unexpected end of JSON input
Processing: moving charges and magnetism.json
Error reading/parsing moving charges and magnetism.json: Unexpected end of JSON input
Processing: neet_quiz.json
Generated PDF: C:\Users\asus\neet-rank-predictor\backend\data\quizzes\neet_quiz.pdf
Processing: nuclei.json
Error reading/parsing nuclei.json: Unexpected end of JSON input
Processing: oscillations.json
Error reading/parsing oscillations.json: Unexpected end of JSON input
Processing: Physics set 1.json
Generated PDF: C:\Users\asus\neet-rank-predictor\backend\data\quizzes\Physics set 1.pdf
Processing: Physics set 10.json
Error generating PDF for Physics set 10.json: WinAnsi cannot encode "ρ" (0x03c1)
Processing: Physics set 11.json
Generated PDF: C:\Users\asus\neet-rank-predictor\backend\data\quizzes\Physics set 11.pdf
Processing: Physics set 12.json
Error generating PDF for Physics set 12.json: WinAnsi cannot encode "φ" (0x03c6)
Processing: Physics set 13.json
Error generating PDF for Physics set 13.json: WinAnsi cannot encode "φ" (0x03c6)
Processing: Physics set 14.json
Error generating PDF for Physics set 14.json: WinAnsi cannot encode "φ" (0x03c6)
Processing: Physics set 15.json
Error generating PDF for Physics set 15.json: WinAnsi cannot encode "φ" (0x03c6)
Processing: Physics set 16.json
Error generating PDF for Physics set 16.json: WinAnsi cannot encode "φ" (0x03c6)
Processing: Physics set 17.json
Error generating PDF for Physics set 17.json: WinAnsi cannot encode "φ" (0x03c6)
Processing: Physics set 18.json
Error generating PDF for Physics set 18.json: WinAnsi cannot encode "φ" (0x03c6)
Processing: Physics set 19.json
Error generating PDF for Physics set 19.json: WinAnsi cannot encode "φ" (0x03c6)
Processing: Physics set 2.json
Generated PDF: C:\Users\asus\neet-rank-predictor\backend\data\quizzes\Physics set 2.pdf
Processing: Physics set 20.json
Error generating PDF for Physics set 20.json: WinAnsi cannot encode "φ" (0x03c6)
Processing: Physics set 21.json
Error generating PDF for Physics set 21.json: WinAnsi cannot encode "≪" (0x226a)
Processing: Physics set 22.json
Generated PDF: C:\Users\asus\neet-rank-predictor\backend\data\quizzes\Physics set 22.pdf
Processing: Physics set 23.json
Generated PDF: C:\Users\asus\neet-rank-predictor\backend\data\quizzes\Physics set 23.pdf
Processing: Physics set 24.json
Error generating PDF for Physics set 24.json: WinAnsi cannot encode "φ" (0x03c6)
Processing: Physics set 25.json
Generated PDF: C:\Users\asus\neet-rank-predictor\backend\data\quizzes\Physics set 25.pdf
Processing: Physics set 3.json
Generated PDF: C:\Users\asus\neet-rank-predictor\backend\data\quizzes\Physics set 3.pdf
Processing: Physics set 4.json
Error generating PDF for Physics set 4.json: WinAnsi cannot encode "φ" (0x03c6)
Processing: Physics set 5.json
Generated PDF: C:\Users\asus\neet-rank-predictor\backend\data\quizzes\Physics set 5.pdf
Processing: Physics set 6.json
Generated PDF: C:\Users\asus\neet-rank-predictor\backend\data\quizzes\Physics set 6.pdf
Processing: Physics set 7.json
Error generating PDF for Physics set 7.json: WinAnsi cannot encode "φ" (0x03c6)
Processing: Physics set 8.json
Generated PDF: C:\Users\asus\neet-rank-predictor\backend\data\quizzes\Physics set 8.pdf
Processing: Physics set 9.json
Error generating PDF for Physics set 9.json: WinAnsi cannot encode "φ" (0x03c6)
Processing: ray optics.json
Error reading/parsing ray optics.json: Unexpected end of JSON input
Processing: Redox Reaction 1.json
Generated PDF: C:\Users\asus\neet-rank-predictor\backend\data\quizzes\Redox Reaction 1.pdf
Processing: REDOX REACTION.json
Error reading/parsing REDOX REACTION.json: Unexpected end of JSON input
Processing: semiconductors.json
Error reading/parsing semiconductors.json: Unexpected end of JSON input
Processing: SOLUTIONS 1.json
Generated PDF: C:\Users\asus\neet-rank-predictor\backend\data\quizzes\SOLUTIONS 1.pdf
Processing: Structure of atom 1.json
Error generating PDF for Structure of atom 1.json: WinAnsi cannot encode "ψ" (0x03c8)
Processing: system of particles.json
Error reading/parsing system of particles.json: Unexpected end of JSON input
Processing: thermal properties of matter.json
Error reading/parsing thermal properties of matter.json: Unexpected end of JSON input
Processing: Thermodynamics 1.json
Generated PDF: C:\Users\asus\neet-rank-predictor\backend\data\quizzes\Thermodynamics 1.pdf
Processing: THERMODYNAMICS.json
Error reading/parsing THERMODYNAMICS.json: Unexpected end of JSON input
Processing: wave optics.json
Error reading/parsing wave optics.json: Unexpected end of JSON input
Processing: Zoology Set 1.json
Generated PDF: C:\Users\asus\neet-rank-predictor\backend\data\quizzes\Zoology Set 1.pdf
Processing: Zoology Set 10.json
Generated PDF: C:\Users\asus\neet-rank-predictor\backend\data\quizzes\Zoology Set 10.pdf
Processing: Zoology Set 11.json
Generated PDF: C:\Users\asus\neet-rank-predictor\backend\data\quizzes\Zoology Set 11.pdf
Processing: Zoology Set 12.json
Generated PDF: C:\Users\asus\neet-rank-predictor\backend\data\quizzes\Zoology Set 12.pdf
Processing: Zoology Set 13.json
Generated PDF: C:\Users\asus\neet-rank-predictor\backend\data\quizzes\Zoology Set 13.pdf
Processing: Zoology Set 14.json
Generated PDF: C:\Users\asus\neet-rank-predictor\backend\data\quizzes\Zoology Set 14.pdf
Processing: Zoology Set 15.json
Generated PDF: C:\Users\asus\neet-rank-predictor\backend\data\quizzes\Zoology Set 15.pdf
Processing: Zoology Set 16.json
Generated PDF: C:\Users\asus\neet-rank-predictor\backend\data\quizzes\Zoology Set 16.pdf
Processing: Zoology Set 17.json
Generated PDF: C:\Users\asus\neet-rank-predictor\backend\data\quizzes\Zoology Set 17.pdf
Processing: Zoology Set 18.json
Generated PDF: C:\Users\asus\neet-rank-predictor\backend\data\quizzes\Zoology Set 18.pdf
Processing: Zoology Set 19.json
Generated PDF: C:\Users\asus\neet-rank-predictor\backend\data\quizzes\Zoology Set 19.pdf
Processing: Zoology Set 2.json
Generated PDF: C:\Users\asus\neet-rank-predictor\backend\data\quizzes\Zoology Set 2.pdf
Processing: Zoology Set 20.json
Generated PDF: C:\Users\asus\neet-rank-predictor\backend\data\quizzes\Zoology Set 20.pdf
Processing: Zoology Set 21.json
Generated PDF: C:\Users\asus\neet-rank-predictor\backend\data\quizzes\Zoology Set 21.pdf
Processing: Zoology Set 22.json
Generated PDF: C:\Users\asus\neet-rank-predictor\backend\data\quizzes\Zoology Set 22.pdf
Processing: Zoology Set 23.json
Generated PDF: C:\Users\asus\neet-rank-predictor\backend\data\quizzes\Zoology Set 23.pdf
Processing: Zoology Set 24.json
Generated PDF: C:\Users\asus\neet-rank-predictor\backend\data\quizzes\Zoology Set 24.pdf
Processing: Zoology Set 25.json
Generated PDF: C:\Users\asus\neet-rank-predictor\backend\data\quizzes\Zoology Set 25.pdf
Processing: Zoology Set 26.json
Generated PDF: C:\Users\asus\neet-rank-predictor\backend\data\quizzes\Zoology Set 26.pdf
Processing: Zoology Set 3.json
Generated PDF: C:\Users\asus\neet-rank-predictor\backend\data\quizzes\Zoology Set 3.pdf
Processing: Zoology Set 4.json
Generated PDF: C:\Users\asus\neet-rank-predictor\backend\data\quizzes\Zoology Set 4.pdf
Processing: Zoology Set 5.json
Generated PDF: C:\Users\asus\neet-rank-predictor\backend\data\quizzes\Zoology Set 5.pdf
Processing: Zoology Set 6.json
Generated PDF: C:\Users\asus\neet-rank-predictor\backend\data\quizzes\Zoology Set 6.pdf
Processing: Zoology Set 7.json
Generated PDF: C:\Users\asus\neet-rank-predictor\backend\data\quizzes\Zoology Set 7.pdf
Processing: Zoology Set 8.json
Generated PDF: C:\Users\asus\neet-rank-predictor\backend\data\quizzes\Zoology Set 8.pdf
Processing: Zoology Set 9.json
Generated PDF: C:\Users\asus\neet-rank-predictor\backend\data\quizzes\Zoology Set 9.pdf
Found 158 JSON quiz files.
Processing: Alcohols Phenols and Ethers.json
Generated PDF: C:\Users\asus\neet-rank-predictor\backend\data\quizzes\Alcohols Phenols and Ethers.pdf
Processing: Alcohols, Phenols and Ethers 1.json
Generated PDF: C:\Users\asus\neet-rank-predictor\backend\data\quizzes\Alcohols, Phenols and Ethers 1.pdf
Processing: Aldehydes,_Ketones_and_Carboxylic_Acids_20_Years_Specialized_Pyq.json
Error reading/parsing Aldehydes,_Ketones_and_Carboxylic_Acids_20_Years_Specialized_Pyq.json: Unexpected end of JSON input
Processing: Aldehydes_Ketones_CarboxylicAcids_1.json
Generated PDF: C:\Users\asus\neet-rank-predictor\backend\data\quizzes\Aldehydes_Ketones_CarboxylicAcids_1.pdf
Processing: alternating current.json
Error reading/parsing alternating current.json: Unexpected end of JSON input
Processing: amines 1.json
Generated PDF: C:\Users\asus\neet-rank-predictor\backend\data\quizzes\amines 1.pdf
Processing: AMINES.json
Generated PDF: C:\Users\asus\neet-rank-predictor\backend\data\quizzes\AMINES.pdf
Processing: ARINES 1.json
Generated PDF: C:\Users\asus\neet-rank-predictor\backend\data\quizzes\ARINES 1.pdf
Processing: Atomic Structure 1.json
Generated PDF: C:\Users\asus\neet-rank-predictor\backend\data\quizzes\Atomic Structure 1.pdf
Processing: ATOMIC STRUCTURE.json
Error reading/parsing ATOMIC STRUCTURE.json: Unexpected end of JSON input
Processing: atoms.json
Error reading/parsing atoms.json: Unexpected end of JSON input
Processing: Botany set 1.json
Error generating PDF for Botany set 1.json: WinAnsi cannot encode "Ψ" (0x03a8)
Processing: Botany set 10.json
Generated PDF: C:\Users\asus\neet-rank-predictor\backend\data\quizzes\Botany set 10.pdf
Processing: Botany set 11.json
Generated PDF: C:\Users\asus\neet-rank-predictor\backend\data\quizzes\Botany set 11.pdf
Processing: Botany set 12.json
Generated PDF: C:\Users\asus\neet-rank-predictor\backend\data\quizzes\Botany set 12.pdf
Processing: Botany set 13.json
Generated PDF: C:\Users\asus\neet-rank-predictor\backend\data\quizzes\Botany set 13.pdf
Processing: Botany set 14.json
Generated PDF: C:\Users\asus\neet-rank-predictor\backend\data\quizzes\Botany set 14.pdf
Processing: Botany set 15.json
Generated PDF: C:\Users\asus\neet-rank-predictor\backend\data\quizzes\Botany set 15.pdf
Processing: Botany set 16.json
Generated PDF: C:\Users\asus\neet-rank-predictor\backend\data\quizzes\Botany set 16.pdf
Processing: Botany set 17.json
Generated PDF: C:\Users\asus\neet-rank-predictor\backend\data\quizzes\Botany set 17.pdf
Processing: Botany set 18.json
Generated PDF: C:\Users\asus\neet-rank-predictor\backend\data\quizzes\Botany set 18.pdf
Processing: Botany set 19.json
Generated PDF: C:\Users\asus\neet-rank-predictor\backend\data\quizzes\Botany set 19.pdf
Processing: Botany set 2.json
Generated PDF: C:\Users\asus\neet-rank-predictor\backend\data\quizzes\Botany set 2.pdf
Processing: Botany set 20.json
Generated PDF: C:\Users\asus\neet-rank-predictor\backend\data\quizzes\Botany set 20.pdf
Processing: Botany set 21.json
Generated PDF: C:\Users\asus\neet-rank-predictor\backend\data\quizzes\Botany set 21.pdf
Processing: Botany set 22.json
Generated PDF: C:\Users\asus\neet-rank-predictor\backend\data\quizzes\Botany set 22.pdf
Processing: Botany set 23.json
Generated PDF: C:\Users\asus\neet-rank-predictor\backend\data\quizzes\Botany set 23.pdf
Processing: Botany set 24.json
Generated PDF: C:\Users\asus\neet-rank-predictor\backend\data\quizzes\Botany set 24.pdf
Processing: Botany set 25.json
Generated PDF: C:\Users\asus\neet-rank-predictor\backend\data\quizzes\Botany set 25.pdf
Processing: Botany set 26.json
Generated PDF: C:\Users\asus\neet-rank-predictor\backend\data\quizzes\Botany set 26.pdf
Processing: Botany set 27.json
Generated PDF: C:\Users\asus\neet-rank-predictor\backend\data\quizzes\Botany set 27.pdf
Processing: Botany set 28.json
Generated PDF: C:\Users\asus\neet-rank-predictor\backend\data\quizzes\Botany set 28.pdf
Processing: Botany set 29.json
Generated PDF: C:\Users\asus\neet-rank-predictor\backend\data\quizzes\Botany set 29.pdf
Processing: Botany set 3.json
Generated PDF: C:\Users\asus\neet-rank-predictor\backend\data\quizzes\Botany set 3.pdf
Processing: Botany set 30.json
Generated PDF: C:\Users\asus\neet-rank-predictor\backend\data\quizzes\Botany set 30.pdf
Processing: Botany set 4.json
Generated PDF: C:\Users\asus\neet-rank-predictor\backend\data\quizzes\Botany set 4.pdf
Processing: Botany set 5.json
Generated PDF: C:\Users\asus\neet-rank-predictor\backend\data\quizzes\Botany set 5.pdf
Processing: Botany set 6.json
Generated PDF: C:\Users\asus\neet-rank-predictor\backend\data\quizzes\Botany set 6.pdf
Processing: Botany set 7.json
Generated PDF: C:\Users\asus\neet-rank-predictor\backend\data\quizzes\Botany set 7.pdf
Processing: Botany set 8.json
Generated PDF: C:\Users\asus\neet-rank-predictor\backend\data\quizzes\Botany set 8.pdf
Processing: Botany set 9.json
Generated PDF: C:\Users\asus\neet-rank-predictor\backend\data\quizzes\Botany set 9.pdf
Processing: Chemical Bonding 1.json
Generated PDF: C:\Users\asus\neet-rank-predictor\backend\data\quizzes\Chemical Bonding 1.pdf
Processing: CHEMICAL BONDING.json
Error reading/parsing CHEMICAL BONDING.json: Unexpected end of JSON input
Processing: Chemical Kinetics 1.json
Error generating PDF for Chemical Kinetics 1.json: WinAnsi cannot encode "⁄" (0x2044)
Processing: Chemistry set 1.json
Generated PDF: C:\Users\asus\neet-rank-predictor\backend\data\quizzes\Chemistry set 1.pdf
Processing: Chemistry set 10.json
Generated PDF: C:\Users\asus\neet-rank-predictor\backend\data\quizzes\Chemistry set 10.pdf
Processing: Chemistry set 11.json
Generated PDF: C:\Users\asus\neet-rank-predictor\backend\data\quizzes\Chemistry set 11.pdf
Processing: Chemistry set 12.json
Generated PDF: C:\Users\asus\neet-rank-predictor\backend\data\quizzes\Chemistry set 12.pdf
Processing: Chemistry set 13.json
Generated PDF: C:\Users\asus\neet-rank-predictor\backend\data\quizzes\Chemistry set 13.pdf
Processing: Chemistry set 14.json
Generated PDF: C:\Users\asus\neet-rank-predictor\backend\data\quizzes\Chemistry set 14.pdf
Processing: Chemistry set 15.json
Generated PDF: C:\Users\asus\neet-rank-predictor\backend\data\quizzes\Chemistry set 15.pdf
Processing: Chemistry set 16.json
Generated PDF: C:\Users\asus\neet-rank-predictor\backend\data\quizzes\Chemistry set 16.pdf
Processing: Chemistry set 17.json
Generated PDF: C:\Users\asus\neet-rank-predictor\backend\data\quizzes\Chemistry set 17.pdf
Processing: Chemistry set 18.json
Generated PDF: C:\Users\asus\neet-rank-predictor\backend\data\quizzes\Chemistry set 18.pdf
Processing: Chemistry set 19.json
Generated PDF: C:\Users\asus\neet-rank-predictor\backend\data\quizzes\Chemistry set 19.pdf
Processing: Chemistry set 2.json
Generated PDF: C:\Users\asus\neet-rank-predictor\backend\data\quizzes\Chemistry set 2.pdf
Processing: Chemistry set 20.json
Generated PDF: C:\Users\asus\neet-rank-predictor\backend\data\quizzes\Chemistry set 20.pdf
Processing: Chemistry set 3.json
Generated PDF: C:\Users\asus\neet-rank-predictor\backend\data\quizzes\Chemistry set 3.pdf
Processing: Chemistry set 4.json
Generated PDF: C:\Users\asus\neet-rank-predictor\backend\data\quizzes\Chemistry set 4.pdf
Processing: Chemistry set 5.json
Generated PDF: C:\Users\asus\neet-rank-predictor\backend\data\quizzes\Chemistry set 5.pdf
Processing: Chemistry set 6.json
Generated PDF: C:\Users\asus\neet-rank-predictor\backend\data\quizzes\Chemistry set 6.pdf
Processing: Chemistry set 7.json
Generated PDF: C:\Users\asus\neet-rank-predictor\backend\data\quizzes\Chemistry set 7.pdf
Processing: Chemistry set 8.json
Generated PDF: C:\Users\asus\neet-rank-predictor\backend\data\quizzes\Chemistry set 8.pdf
Processing: Chemistry set 9.json
Generated PDF: C:\Users\asus\neet-rank-predictor\backend\data\quizzes\Chemistry set 9.pdf
Processing: Classification of Elements & Periodicity 1.json
Generated PDF: C:\Users\asus\neet-rank-predictor\backend\data\quizzes\Classification of Elements & Periodicity 1.pdf
Processing: Classification_of_Elements_&_Periodicity_in_Properties_20_Years.json
Error reading/parsing Classification_of_Elements_&_Periodicity_in_Properties_20_Years.json: Unexpected end of JSON input
Processing: Coordination Compounds 1.json
Generated PDF: C:\Users\asus\neet-rank-predictor\backend\data\quizzes\Coordination Compounds 1.pdf
Processing: COORDINATION COMPOUNDS.json
Error reading/parsing COORDINATION COMPOUNDS.json: Unexpected end of JSON input
Processing: current electricity.json
Error reading/parsing current electricity.json: Unexpected end of JSON input
Processing: d and f block 1.json
Generated PDF: C:\Users\asus\neet-rank-predictor\backend\data\quizzes\d and f block 1.pdf
Processing: D AND F BLOCK ELEMENTS.json
Error reading/parsing D AND F BLOCK ELEMENTS.json: Unexpected end of JSON input
Processing: dual nature.json
Error reading/parsing dual nature.json: Unexpected end of JSON input
Processing: electric charges and fields.json
Error reading/parsing electric charges and fields.json: Unexpected end of JSON input
Processing: Electrochemistry 1.json
Error generating PDF for Electrochemistry 1.json: WinAnsi cannot encode "Λ" (0x039b)
Processing: electromagnetic induction.json
Error reading/parsing electromagnetic induction.json: Unexpected end of JSON input
Processing: electrostatic and capacitance.json
Error reading/parsing electrostatic and capacitance.json: Unexpected end of JSON input
Processing: EM waves.json
Error reading/parsing EM waves.json: Unexpected end of JSON input
Processing: Equilibrium 1.json
Generated PDF: C:\Users\asus\neet-rank-predictor\backend\data\quizzes\Equilibrium 1.pdf
Processing: EQUILIBRIUM.json
Error reading/parsing EQUILIBRIUM.json: Unexpected end of JSON input
Processing: gravitation.json
Error reading/parsing gravitation.json: Unexpected end of JSON input
Processing: HALOALKANE AND HALOARENES 1.json
Generated PDF: C:\Users\asus\neet-rank-predictor\backend\data\quizzes\HALOALKANE AND HALOARENES 1.pdf
Processing: HALOALKANE AND HALOARENES.json
Error reading/parsing HALOALKANE AND HALOARENES.json: Unexpected end of JSON input
Processing: Hydrocarbon 1.json
Generated PDF: C:\Users\asus\neet-rank-predictor\backend\data\quizzes\Hydrocarbon 1.pdf
Processing: HydroCarbon.json
Error reading/parsing HydroCarbon.json: Unexpected end of JSON input
Processing: Ionic Equilibrium 1.json
Generated PDF: C:\Users\asus\neet-rank-predictor\backend\data\quizzes\Ionic Equilibrium 1.pdf
Processing: kinetic theory of gases.json
Error reading/parsing kinetic theory of gases.json: Unexpected end of JSON input
Processing: laws of motion.json
Error reading/parsing laws of motion.json: Unexpected end of JSON input
Processing: magnetism and matter.json
Error reading/parsing magnetism and matter.json: Unexpected end of JSON input
Processing: mechanical properties of fluid.json
Error reading/parsing mechanical properties of fluid.json: Unexpected end of JSON input
Processing: mechanical properties of solid.json
Error reading/parsing mechanical properties of solid.json: Unexpected end of JSON input
Processing: motion in a plane.json
Error reading/parsing motion in a plane.json: Unexpected end of JSON input
Processing: motion in a straight line.json
Error reading/parsing motion in a straight line.json: Unexpected end of JSON input
Processing: moving charges and magnetism.json
Error reading/parsing moving charges and magnetism.json: Unexpected end of JSON input
Processing: neet_quiz.json
Generated PDF: C:\Users\asus\neet-rank-predictor\backend\data\quizzes\neet_quiz.pdf
Processing: nuclei.json
Error reading/parsing nuclei.json: Unexpected end of JSON input
Processing: oscillations.json
Error reading/parsing oscillations.json: Unexpected end of JSON input
Processing: Physics set 1.json
Generated PDF: C:\Users\asus\neet-rank-predictor\backend\data\quizzes\Physics set 1.pdf
Processing: Physics set 10.json
Generated PDF: C:\Users\asus\neet-rank-predictor\backend\data\quizzes\Physics set 10.pdf
Processing: Physics set 11.json
Generated PDF: C:\Users\asus\neet-rank-predictor\backend\data\quizzes\Physics set 11.pdf
Processing: Physics set 12.json
Generated PDF: C:\Users\asus\neet-rank-predictor\backend\data\quizzes\Physics set 12.pdf
Processing: Physics set 13.json
Generated PDF: C:\Users\asus\neet-rank-predictor\backend\data\quizzes\Physics set 13.pdf
Processing: Physics set 14.json
Generated PDF: C:\Users\asus\neet-rank-predictor\backend\data\quizzes\Physics set 14.pdf
Processing: Physics set 15.json
Generated PDF: C:\Users\asus\neet-rank-predictor\backend\data\quizzes\Physics set 15.pdf
Processing: Physics set 16.json
Generated PDF: C:\Users\asus\neet-rank-predictor\backend\data\quizzes\Physics set 16.pdf
Processing: Physics set 17.json
Generated PDF: C:\Users\asus\neet-rank-predictor\backend\data\quizzes\Physics set 17.pdf
Processing: Physics set 18.json
Generated PDF: C:\Users\asus\neet-rank-predictor\backend\data\quizzes\Physics set 18.pdf
Processing: Physics set 19.json
Generated PDF: C:\Users\asus\neet-rank-predictor\backend\data\quizzes\Physics set 19.pdf
Processing: Physics set 2.json
Generated PDF: C:\Users\asus\neet-rank-predictor\backend\data\quizzes\Physics set 2.pdf
Processing: Physics set 20.json
Generated PDF: C:\Users\asus\neet-rank-predictor\backend\data\quizzes\Physics set 20.pdf
Processing: Physics set 21.json
Error generating PDF for Physics set 21.json: WinAnsi cannot encode "≪" (0x226a)
Processing: Physics set 22.json
Generated PDF: C:\Users\asus\neet-rank-predictor\backend\data\quizzes\Physics set 22.pdf
Processing: Physics set 23.json
Generated PDF: C:\Users\asus\neet-rank-predictor\backend\data\quizzes\Physics set 23.pdf
Processing: Physics set 24.json
Generated PDF: C:\Users\asus\neet-rank-predictor\backend\data\quizzes\Physics set 24.pdf
Processing: Physics set 25.json
Generated PDF: C:\Users\asus\neet-rank-predictor\backend\data\quizzes\Physics set 25.pdf
Processing: Physics set 3.json
Generated PDF: C:\Users\asus\neet-rank-predictor\backend\data\quizzes\Physics set 3.pdf
Processing: Physics set 4.json
Generated PDF: C:\Users\asus\neet-rank-predictor\backend\data\quizzes\Physics set 4.pdf
Processing: Physics set 5.json
Generated PDF: C:\Users\asus\neet-rank-predictor\backend\data\quizzes\Physics set 5.pdf
Processing: Physics set 6.json
Generated PDF: C:\Users\asus\neet-rank-predictor\backend\data\quizzes\Physics set 6.pdf
Processing: Physics set 7.json
Generated PDF: C:\Users\asus\neet-rank-predictor\backend\data\quizzes\Physics set 7.pdf
Processing: Physics set 8.json
Generated PDF: C:\Users\asus\neet-rank-predictor\backend\data\quizzes\Physics set 8.pdf
Processing: Physics set 9.json
Generated PDF: C:\Users\asus\neet-rank-predictor\backend\data\quizzes\Physics set 9.pdf
Processing: ray optics.json
Error reading/parsing ray optics.json: Unexpected end of JSON input
Processing: Redox Reaction 1.json
Generated PDF: C:\Users\asus\neet-rank-predictor\backend\data\quizzes\Redox Reaction 1.pdf
Processing: REDOX REACTION.json
Error reading/parsing REDOX REACTION.json: Unexpected end of JSON input
Processing: semiconductors.json
Error reading/parsing semiconductors.json: Unexpected end of JSON input
Processing: SOLUTIONS 1.json
Generated PDF: C:\Users\asus\neet-rank-predictor\backend\data\quizzes\SOLUTIONS 1.pdf
Processing: Structure of atom 1.json
Generated PDF: C:\Users\asus\neet-rank-predictor\backend\data\quizzes\Structure of atom 1.pdf
Processing: system of particles.json
Error reading/parsing system of particles.json: Unexpected end of JSON input
Processing: thermal properties of matter.json
Error reading/parsing thermal properties of matter.json: Unexpected end of JSON input
Processing: Thermodynamics 1.json
Generated PDF: C:\Users\asus\neet-rank-predictor\backend\data\quizzes\Thermodynamics 1.pdf
Processing: THERMODYNAMICS.json
Error reading/parsing THERMODYNAMICS.json: Unexpected end of JSON input
Processing: wave optics.json
Error reading/parsing wave optics.json: Unexpected end of JSON input
Processing: Zoology Set 1.json
Generated PDF: C:\Users\asus\neet-rank-predictor\backend\data\quizzes\Zoology Set 1.pdf
Processing: Zoology Set 10.json
Generated PDF: C:\Users\asus\neet-rank-predictor\backend\data\quizzes\Zoology Set 10.pdf
Processing: Zoology Set 11.json
Generated PDF: C:\Users\asus\neet-rank-predictor\backend\data\quizzes\Zoology Set 11.pdf
Processing: Zoology Set 12.json
Generated PDF: C:\Users\asus\neet-rank-predictor\backend\data\quizzes\Zoology Set 12.pdf
Processing: Zoology Set 13.json
Generated PDF: C:\Users\asus\neet-rank-predictor\backend\data\quizzes\Zoology Set 13.pdf
Processing: Zoology Set 14.json
Generated PDF: C:\Users\asus\neet-rank-predictor\backend\data\quizzes\Zoology Set 14.pdf
Processing: Zoology Set 15.json
Generated PDF: C:\Users\asus\neet-rank-predictor\backend\data\quizzes\Zoology Set 15.pdf
Processing: Zoology Set 16.json
Generated PDF: C:\Users\asus\neet-rank-predictor\backend\data\quizzes\Zoology Set 16.pdf
Processing: Zoology Set 17.json
Generated PDF: C:\Users\asus\neet-rank-predictor\backend\data\quizzes\Zoology Set 17.pdf
Processing: Zoology Set 18.json
Generated PDF: C:\Users\asus\neet-rank-predictor\backend\data\quizzes\Zoology Set 18.pdf
Processing: Zoology Set 19.json
Generated PDF: C:\Users\asus\neet-rank-predictor\backend\data\quizzes\Zoology Set 19.pdf
Processing: Zoology Set 2.json
Generated PDF: C:\Users\asus\neet-rank-predictor\backend\data\quizzes\Zoology Set 2.pdf
Processing: Zoology Set 20.json
Generated PDF: C:\Users\asus\neet-rank-predictor\backend\data\quizzes\Zoology Set 20.pdf
Processing: Zoology Set 21.json
Generated PDF: C:\Users\asus\neet-rank-predictor\backend\data\quizzes\Zoology Set 21.pdf
Processing: Zoology Set 22.json
Generated PDF: C:\Users\asus\neet-rank-predictor\backend\data\quizzes\Zoology Set 22.pdf
Processing: Zoology Set 23.json
Generated PDF: C:\Users\asus\neet-rank-predictor\backend\data\quizzes\Zoology Set 23.pdf
Processing: Zoology Set 24.json
Generated PDF: C:\Users\asus\neet-rank-predictor\backend\data\quizzes\Zoology Set 24.pdf
Processing: Zoology Set 25.json
Generated PDF: C:\Users\asus\neet-rank-predictor\backend\data\quizzes\Zoology Set 25.pdf
Processing: Zoology Set 26.json
Generated PDF: C:\Users\asus\neet-rank-predictor\backend\data\quizzes\Zoology Set 26.pdf
Processing: Zoology Set 3.json
Generated PDF: C:\Users\asus\neet-rank-predictor\backend\data\quizzes\Zoology Set 3.pdf
Processing: Zoology Set 4.json
Generated PDF: C:\Users\asus\neet-rank-predictor\backend\data\quizzes\Zoology Set 4.pdf
Processing: Zoology Set 5.json
Generated PDF: C:\Users\asus\neet-rank-predictor\backend\data\quizzes\Zoology Set 5.pdf
Processing: Zoology Set 6.json
Generated PDF: C:\Users\asus\neet-rank-predictor\backend\data\quizzes\Zoology Set 6.pdf
Processing: Zoology Set 7.json
Generated PDF: C:\Users\asus\neet-rank-predictor\backend\data\quizzes\Zoology Set 7.pdf
Processing: Zoology Set 8.json
Generated PDF: C:\Users\asus\neet-rank-predictor\backend\data\quizzes\Zoology Set 8.pdf
Processing: Zoology Set 9.json
Generated PDF: C:\Users\asus\neet-rank-predictor\backend\data\quizzes\Zoology Set 9.pdf
